<?xml version="1.0" encoding="UTF-8"?>
<!-- Generated by org.testng.reporters.JUnitReportReporter -->
<testsuite hostname="DESKTOP-GGBDTFT" failures="0" tests="2" name="TestCases.VerifyLoginTest" time="15.785" errors="0" timestamp="2022-02-15T00:29:30 IST" skipped="0">
  <testcase classname="TestCases.VerifyLoginTest" name="LaunchBrowser" time="9.521"/>
  <system-out/>
  <testcase classname="TestCases.VerifyLoginTest" name="LaunchBrowser" time="6.264"/>
  <system-out/>
</testsuite> <!-- TestCases.VerifyLoginTest -->
